<?xml version="1.0" encoding="UTF-8"?>
<!-- Generated by org.testng.reporters.JUnitXMLReporter -->
<testsuite ignored="0" hostname="LAPTOP-TV4L39K6" failures="0" tests="3" name="HomePage" time="5.11" errors="0" timestamp="2024-05-10T15:39:04 IST">
  <testcase classname="com.CRM.TestCases.HomePageTest" name="validateURL" time="0.009"/>
  <testcase classname="com.CRM.TestCases.HomePageTest" name="validateTitle" time="0.011"/>
  <testcase classname="com.CRM.TestCases.HomePageTest" name="validateSignIn" time="0.094"/>
</testsuite> <!-- HomePage -->
