<?xml version="1.0" encoding="UTF-8"?>
<!-- Generated by org.testng.reporters.JUnitXMLReporter -->
<testsuite ignored="0" hostname="LAPTOP-TV4L39K6" failures="2" tests="8" name="My Test" time="55.605" errors="0" timestamp="2024-04-17T20:39:41 IST">
  <testcase classname="com.TestNGDemos.D06AmazonTest" name="clickOnBestSeller" time="1.61"/>
  <testcase classname="com.TestNGDemos.D06AmazonTest" name="clickOnElectronics" time="19.218"/>
  <testcase classname="com.TestNGDemos.D06AmazonTest" name="clickOnMobiles" time="5.198"/>
  <testcase classname="com.TestNGDemos.D06AmazonTest" name="clickOnSell" time="2.12"/>
  <testcase classname="com.TestNGDemos.D05DataProviderDemo" name="loginToOHRM" time="3.087"/>
  <testcase classname="com.TestNGDemos.D05DataProviderDemo" name="loginToOHRM" time="1.752">
    <failure type="java.lang.AssertionError" message="expected [https://opensource-demo.orangehrmlive.com/web/index.php/dashboard/index] but found [https://opensource-demo.orangehrmlive.com/web/index.php/auth/login]">
      <![CDATA[java.lang.AssertionError: expected [https://opensource-demo.orangehrmlive.com/web/index.php/dashboard/index] but found [https://opensource-demo.orangehrmlive.com/web/index.php/auth/login]
at com.TestNGDemos.D05DataProviderDemo.loginToOHRM(D05DataProviderDemo.java:35)
at java.base/java.util.ArrayList.forEach(ArrayList.java:1511)
... Removed 33 stack frames]]>
    </failure>
  </testcase> <!-- loginToOHRM -->
  <testcase classname="com.TestNGDemos.D05DataProviderDemo" name="loginToOHRM" time="1.515"/>
  <testcase classname="com.TestNGDemos.D05DataProviderDemo" name="loginToOHRM" time="1.46">
    <failure type="java.lang.AssertionError" message="expected [https://opensource-demo.orangehrmlive.com/web/index.php/dashboard/index] but found [https://opensource-demo.orangehrmlive.com/web/index.php/auth/login]">
      <![CDATA[java.lang.AssertionError: expected [https://opensource-demo.orangehrmlive.com/web/index.php/dashboard/index] but found [https://opensource-demo.orangehrmlive.com/web/index.php/auth/login]
at com.TestNGDemos.D05DataProviderDemo.loginToOHRM(D05DataProviderDemo.java:35)
at java.base/java.util.ArrayList.forEach(ArrayList.java:1511)
... Removed 33 stack frames]]>
    </failure>
  </testcase> <!-- loginToOHRM -->
</testsuite> <!-- My Test -->
