<?xml version="1.0" encoding="UTF-8"?>
<testng-results ignored="0" total="4" passed="4" failed="0" skipped="0">
  <reporter-output>
  </reporter-output>
  <suite started-at="2024-05-10T15:38:59 IST" name="Suite" finished-at="2024-05-10T15:39:09 IST" duration-ms="10376">
    <groups>
    </groups>
    <test started-at="2024-05-10T15:38:59 IST" name="HomePage" finished-at="2024-05-10T15:39:04 IST" duration-ms="5110">
      <class name="com.CRM.TestCases.HomePageTest">
        <test-method is-config="true" signature="setUpBrowser()[pri:0, instance:com.CRM.TestCases.HomePageTest@37d4349f]" started-at="2024-05-10T15:38:59 IST" name="setUpBrowser" finished-at="2024-05-10T15:39:03 IST" duration-ms="4047" status="PASS">
          <reporter-output>
          </reporter-output>
        </test-method> <!-- setUpBrowser -->
        <test-method is-config="true" signature="pageSetUp()[pri:0, instance:com.CRM.TestCases.HomePageTest@37d4349f]" started-at="2024-05-10T15:39:03 IST" name="pageSetUp" finished-at="2024-05-10T15:39:04 IST" duration-ms="911" status="PASS">
          <reporter-output>
          </reporter-output>
        </test-method> <!-- pageSetUp -->
        <test-method signature="validateURL()[pri:1, instance:com.CRM.TestCases.HomePageTest@37d4349f]" started-at="2024-05-10T15:39:04 IST" name="validateURL" finished-at="2024-05-10T15:39:04 IST" duration-ms="9" status="PASS">
          <reporter-output>
          </reporter-output>
        </test-method> <!-- validateURL -->
        <test-method signature="validateTitle()[pri:2, instance:com.CRM.TestCases.HomePageTest@37d4349f]" started-at="2024-05-10T15:39:04 IST" name="validateTitle" finished-at="2024-05-10T15:39:04 IST" duration-ms="11" status="PASS">
          <reporter-output>
          </reporter-output>
        </test-method> <!-- validateTitle -->
        <test-method signature="validateSignIn()[pri:3, instance:com.CRM.TestCases.HomePageTest@37d4349f]" started-at="2024-05-10T15:39:04 IST" name="validateSignIn" finished-at="2024-05-10T15:39:04 IST" duration-ms="94" status="PASS">
          <reporter-output>
          </reporter-output>
        </test-method> <!-- validateSignIn -->
      </class> <!-- com.CRM.TestCases.HomePageTest -->
    </test> <!-- HomePage -->
    <test started-at="2024-05-10T15:39:04 IST" name="LoginPage" finished-at="2024-05-10T15:39:09 IST" duration-ms="5230">
      <class name="com.CRM.TestCases.LoginPageTest">
        <test-method is-config="true" signature="setUpBrowser()[pri:0, instance:com.CRM.TestCases.LoginPageTest@783a467b]" started-at="2024-05-10T15:39:04 IST" name="setUpBrowser" finished-at="2024-05-10T15:39:06 IST" duration-ms="2792" status="PASS">
          <reporter-output>
          </reporter-output>
        </test-method> <!-- setUpBrowser -->
        <test-method is-config="true" signature="pageSetUp()[pri:0, instance:com.CRM.TestCases.LoginPageTest@783a467b]" started-at="2024-05-10T15:39:06 IST" name="pageSetUp" finished-at="2024-05-10T15:39:08 IST" duration-ms="1028" status="PASS">
          <reporter-output>
          </reporter-output>
        </test-method> <!-- pageSetUp -->
        <test-method signature="validateLogin()[pri:0, instance:com.CRM.TestCases.LoginPageTest@783a467b]" started-at="2024-05-10T15:39:08 IST" name="validateLogin" finished-at="2024-05-10T15:39:09 IST" duration-ms="1407" status="PASS">
          <reporter-output>
          </reporter-output>
        </test-method> <!-- validateLogin -->
      </class> <!-- com.CRM.TestCases.LoginPageTest -->
    </test> <!-- LoginPage -->
  </suite> <!-- Suite -->
</testng-results>
