<?xml version="1.0" encoding="UTF-8"?>
<testng-results ignored="0" total="3" passed="3" failed="0" skipped="0">
  <reporter-output>
  </reporter-output>
  <suite started-at="2024-05-10T17:21:11 IST" name="Suite" finished-at="2024-05-10T17:21:35 IST" duration-ms="24192">
    <groups>
    </groups>
    <test started-at="2024-05-10T17:21:11 IST" name="ChromeTest" finished-at="2024-05-10T17:21:32 IST" duration-ms="20899">
      <class name="seleniumGridUsingDocker.ParallelTest">
        <test-method signature="testGrid(java.lang.String)[pri:0, instance:seleniumGridUsingDocker.ParallelTest@23c30a20]" started-at="2024-05-10T17:21:11 IST" name="testGrid" finished-at="2024-05-10T17:21:32 IST" duration-ms="20835" status="PASS">
          <params>
            <param index="0">
              <value>
                <![CDATA[chrome]]>
              </value>
            </param>
          </params>
          <reporter-output>
          </reporter-output>
        </test-method> <!-- testGrid -->
      </class> <!-- seleniumGridUsingDocker.ParallelTest -->
    </test> <!-- ChromeTest -->
    <test started-at="2024-05-10T17:21:11 IST" name="EdgeTest" finished-at="2024-05-10T17:21:32 IST" duration-ms="21234">
      <class name="seleniumGridUsingDocker.ParallelTest">
        <test-method signature="testGrid(java.lang.String)[pri:0, instance:seleniumGridUsingDocker.ParallelTest@298a5e20]" started-at="2024-05-10T17:21:11 IST" name="testGrid" finished-at="2024-05-10T17:21:32 IST" duration-ms="21186" status="PASS">
          <params>
            <param index="0">
              <value>
                <![CDATA[edge]]>
              </value>
            </param>
          </params>
          <reporter-output>
          </reporter-output>
        </test-method> <!-- testGrid -->
      </class> <!-- seleniumGridUsingDocker.ParallelTest -->
    </test> <!-- EdgeTest -->
    <test started-at="2024-05-10T17:21:11 IST" name="FirefoxTest" finished-at="2024-05-10T17:21:35 IST" duration-ms="24192">
      <class name="seleniumGridUsingDocker.ParallelTest">
        <test-method signature="testGrid(java.lang.String)[pri:0, instance:seleniumGridUsingDocker.ParallelTest@3e27aa33]" started-at="2024-05-10T17:21:11 IST" name="testGrid" finished-at="2024-05-10T17:21:35 IST" duration-ms="24144" status="PASS">
          <params>
            <param index="0">
              <value>
                <![CDATA[firefox]]>
              </value>
            </param>
          </params>
          <reporter-output>
          </reporter-output>
        </test-method> <!-- testGrid -->
      </class> <!-- seleniumGridUsingDocker.ParallelTest -->
    </test> <!-- FirefoxTest -->
  </suite> <!-- Suite -->
</testng-results>
