<?xml version="1.0" encoding="UTF-8"?>
<testng-results ignored="0" total="1" passed="1" failed="0" skipped="0">
  <reporter-output>
  </reporter-output>
  <suite started-at="2024-04-27T14:16:59 IST" name="Default suite" finished-at="2024-04-27T14:17:19 IST" duration-ms="20646">
    <groups>
    </groups>
    <test started-at="2024-04-27T14:16:59 IST" name="Default test" finished-at="2024-04-27T14:17:19 IST" duration-ms="20646">
      <class name="com.TestNGDemos.D13POMOrangeOHRMClient">
        <test-method is-config="true" signature="beforeTest()[pri:0, instance:com.TestNGDemos.D13POMOrangeOHRMClient@22ef9844]" started-at="2024-04-27T14:16:59 IST" name="beforeTest" finished-at="2024-04-27T14:17:12 IST" duration-ms="13462" status="PASS">
          <reporter-output>
          </reporter-output>
        </test-method> <!-- beforeTest -->
        <test-method signature="login()[pri:0, instance:com.TestNGDemos.D13POMOrangeOHRMClient@22ef9844]" started-at="2024-04-27T14:17:12 IST" name="login" finished-at="2024-04-27T14:17:19 IST" duration-ms="7046" status="PASS">
          <reporter-output>
          </reporter-output>
        </test-method> <!-- login -->
        <test-method is-config="true" signature="afterTest()[pri:0, instance:com.TestNGDemos.D13POMOrangeOHRMClient@22ef9844]" started-at="2024-04-27T14:17:19 IST" name="afterTest" finished-at="2024-04-27T14:17:19 IST" duration-ms="113" status="PASS">
          <reporter-output>
          </reporter-output>
        </test-method> <!-- afterTest -->
      </class> <!-- com.TestNGDemos.D13POMOrangeOHRMClient -->
    </test> <!-- Default test -->
  </suite> <!-- Default suite -->
</testng-results>
